1602548218017106095 0.00204744 0.188926 0.0196626 0.0200352 -0.0270511 -0.53047
1602548218027104894 0.0039367 0.188926 0.0198629 0.0200352 -0.0323558 -0.53047
1602548218037110500 0.00604472 0.191103 0.019565 0.0143162 0.0283886 0.468052
1602548218047109602 0.00742341 0.184423 0.0194034 0.0104918 0.0822464 1.39697
1602548218057107318 0.0103044 0.197434 0.0194462 0.00971211 0.0632198 0.773698
1602548218067109512 0.0126463 0.202047 0.0194734 0.00883487 0.0459272 0.300909
1602548218077111367 0.0145037 0.2 0.0194878 0.00790618 0.0308518 -0.040691
1602548218087110279 0.0173905 0.211128 0.0197961 0.0107832 0.0804499 0.90386
1602548218097119610 0.0201629 0.219425 0.0197698 0.00910052 0.058614 0.320669
1602548218107117777 0.0223837 0.219759 0.0197363 0.007538 0.0396726 -0.0976908
1602548218117108705 0.0240597 0.213213 0.0200056 0.009971 0.0759279 0.605594
1602548218127105654 0.0272649 0.226679 0.0199424 0.00792697 0.0534763 0.0671122
1602548218137105160 0.0298625 0.230831 0.0198774 0.0061161 0.0344194 -0.305534
1602548218147104980 0.0319152 0.227623 0.0198127 0.00453709 0.0188217 -0.542447
1602548218157104441 0.0334868 0.21878 0.0197501 0.00318245 0.00652157 -0.672323
1602548218167116955 0.0364384 0.228366 0.0203706 0.01057 0.0419652 0.124171
1602548218177109670 0.0389093 0.230715 0.020247 0.00769134 0.0269294 -0.183296
1602548218187109522 0.0408493 0.226108 0.0201284 0.00523793 0.0145309 -0.38287
1602548218197106509 0.044221 0.240046 0.020033 0.00338388 0.0046765 -0.49669
1602548218207110695 0.0468312 0.242678 0.0207409 0.011843 0.0419044 0.300333
1602548218217107057 0.0489019 0.238209 0.0212245 0.0164261 0.0728473 0.828088
1602548218227117999 0.0505782 0.229352 0.0209726 0.011203 0.0528906 0.294703
1602548218237110252 0.0537118 0.239894 0.020752 0.00702838 0.0355765 -0.0880119
1602548218247107684 0.056231 0.241404 0.0205479 0.00358547 0.021103 -0.344778
1602548218257110199 0.0591514 0.247759 0.0203704 0.000907789 0.00943662 -0.500021
1602548218267105522 0.0622599 0.255676 0.0211419 0.0104755 0.0524738 0.407365
1602548218277106747 0.0647802 0.255219 0.0216904 0.0160448 0.080816 0.865775
1602548218287116506 0.0668576 0.24926 0.0213639 0.00993347 0.0586039 0.282672
1602548218297112244 0.0701648 0.259483 0.0221403 0.0184308 0.084159 0.711991
1602548218307114736 0.0728157 0.260186 0.0226707 0.022774 0.111927 1.10201
1602548218317110879 0.075959 0.266982 0.0233057 0.0278844 0.133607 1.30337
1602548218327107077 0.0792801 0.275155 0.0238062 0.030666 0.142494 1.22505
1602548218337134380 0.0819066 0.273586 0.0243498 0.0336402 0.148042 1.09845
1602548218347109110 0.0850394 0.278567 0.0246911 0.0337017 0.150974 0.946334
1602548218357110572 0.0884641 0.286586 0.024965 0.0329097 0.151939 0.785819
1602548218367109644 0.0913027 0.286245 0.0253248 0.0332942 0.151502 0.629114
1602548218377108341 0.0943336 0.288358 0.0255634 0.0321102 0.144596 0.379847
1602548218387107278 0.0976798 0.294164 0.0264636 0.0393781 0.0989417 -0.55428
1602548218397110191 0.100328 0.290476 0.0272203 0.0439326 0.0612912 -1.16077
1602548218407106318 0.104257 0.303334 0.0278602 0.0464501 0.0313633 -1.50682
1602548218417112316 0.107413 0.304875 0.0283775 0.0471126 0.00850546 -1.65396
1602548218427111357 0.10988 0.297571 0.028785 0.046314 -0.0081505 -1.65616
1602548218437107183 0.11364 0.307419 0.0291117 0.0446015 -0.0195683 -1.559
1602548218447105266 0.116642 0.306505 0.0293525 0.0420257 -0.0267198 -1.3996
1602548218457104856 0.120868 0.321074 0.0295356 0.0390505 -0.0305246 -1.2071
1602548218467105835 0.124268 0.32345 0.029655 0.0356474 -0.0318115 -1.0034
1602548218477108043 0.126931 0.316278 0.0297213 0.0320064 -0.0312979 -0.804162
1602548218487111116 0.130853 0.325807 0.0288112 0.0165684 -0.0295823 -0.619857
1602548218497129538 0.133977 0.324132 0.0279833 0.00409914 -0.0271461 -0.456753
1602548218507111145 0.136394 0.313789 0.0272424 -0.00571345 -0.0243616 -0.31788
1602548218517107341 0.140093 0.320822 0.0266058 -0.0129858 -0.0215046 -0.203869
1602548218527109382 0.143965 0.329157 0.0270114 -0.00626613 -0.0187682 -0.113671
1602548218537108150 0.147999 0.338475 0.0264377 -0.0126786 -0.0162773 -0.0451484
1602548218547113506 0.151201 0.336182 0.026891 -0.00539868 -0.0141029 0.00445203
1602548218557117825 0.155589 0.349051 0.0254175 -0.0232132 -0.0122747 0.0381435
1602548218567109927 0.159093 0.349225 0.0250822 -0.0245078 -0.0107925 0.0589365
1602548218577107086 0.162777 0.351635 0.02387 -0.0366448 -0.0096354 0.0696604
1602548218587105429 0.166611 0.355617 0.0228408 -0.0449625 -0.00876983 0.072852
1602548218597108323 0.169623 0.348796 0.0219756 -0.0501779 -0.00815541 0.0706968
1602548218607114970 0.173812 0.357591 0.021278 -0.0526346 -0.00774953 0.0650095
1602548218617112610 0.177139 0.354458 0.0207164 -0.0530775 -0.00751059 0.0572431
1602548218627111982 0.1816 0.365964 0.0202921 -0.0517415 -0.00740019 0.0485158
1602548218637135677 0.185159 0.364707 0.0199725 -0.0492594 -0.00738435 0.0396508
1602548218647112727 0.189817 0.377385 0.0197591 -0.0457548 -0.0074342 0.0312195
1602548218657109970 0.193538 0.376722 0.0196204 -0.0417531 -0.00752604 0.0235875
1602548218667119190 0.196427 0.365699 0.0195437 -0.0374762 -0.00764117 0.0169573
1602548218677113989 0.200486 0.370755 0.0195333 -0.0329044 -0.00776538 0.0114081
1602548218687112213 0.203683 0.364347 0.0195607 -0.0284309 -0.0078884 0.00692935
1602548218697106085 0.208019 0.373029 0.0196328 -0.0239584 -0.00800329 0.00345039
1602548218707108889 0.211458 0.369379 0.0197236 -0.0198116 -0.00810576 0.000863113
1602548218717117112 0.216004 0.380066 0.0198425 -0.0158336 -0.00819362 -0.000959572
1602548218727122502 0.219622 0.377779 0.0199659 -0.0122981 -0.00826625 -0.00215023
1602548218737114368 0.224317 0.389291 0.0201053 -0.00900507 -0.00832412 -0.00283725
1602548218747109696 0.228058 0.387389 0.0202393 -0.00619269 -0.00836845 -0.00313857
1602548218757107309 0.232852 0.398933 0.0203814 -0.00363237 -0.00840085 -0.00315787
1602548218767108938 0.23667 0.396785 0.0205118 -0.00153972 -0.00842317 -0.00298295
1602548218777104553 0.241522 0.407877 0.0206455 0.000331056 -0.00843725 -0.00268549
1602548218787109534 0.245382 0.405129 0.020764 0.00177686 -0.00844486 -0.00232186
1602548218797118963 0.250261 0.41552 0.0208834 0.00305204 -0.00844758 -0.00193459
1602548218807107116 0.255086 0.423928 0.0209942 0.00405884 -0.00844678 -0.00155421
1602548218817106152 0.259628 0.427723 0.020174 -0.00674305 -0.0476645 -0.742049
1602548218827106269 0.263432 0.421781 0.0184755 -0.027212 -0.0403618 -0.46394
1602548218837106639 0.268015 0.426373 0.0178777 -0.0312996 -0.068359 -0.905149
1602548218847109014 0.271843 0.420905 0.0165145 -0.0444793 -0.0556459 -0.494036
1602548218857118711 0.276677 0.428741 0.0153677 -0.0532895 -0.044128 -0.183153
1602548218867112728 0.280497 0.422879 0.0144072 -0.0586556 -0.0341144 0.0405902
1602548218877117627 0.285322 0.430353 0.0136344 -0.0609932 -0.0257273 0.191348
1602548218887110573 0.289132 0.424165 0.0130151 -0.0611103 -0.0189534 0.283158
1602548218897110253 0.293946 0.43135 0.0125485 -0.0592968 -0.0136874 0.329143
1602548218907117493 0.299645 0.448736 0.0122156 -0.0560324 -0.0097674 0.341015
1602548218917111371 0.304213 0.449743 0.0119821 -0.0519308 -0.00700249 0.328827
1602548218927112676 0.309672 0.461812 0.0118484 -0.0470922 -0.00519305 0.300893
1602548218937107515 0.314012 0.458319 0.011782 -0.0420155 -0.00414554 0.263844
1602548218947110316 0.319258 0.466648 0.0117858 -0.0366951 -0.00368205 0.222761
1602548218957106262 0.323404 0.460112 0.0118302 -0.0315336 -0.003646 0.181364
1602548218967117808 0.328476 0.466024 0.0119207 -0.0264394 -0.00390472 0.142219
1602548218977110607 0.332467 0.457625 0.0120308 -0.02174 -0.00434983 0.106947
1602548218987112426 0.337405 0.462158 0.0121689 -0.0172784 -0.00489603 0.0764287
1602548218997110923 0.34223 0.464708 0.012319 -0.0132263 -0.0054789 0.0509822
1602548219007110250 0.346941 0.465521 0.0113929 -0.0231893 -0.0508056 -0.814831
1602548219017108592 0.352537 0.477322 0.00979473 -0.0403352 -0.0430105 -0.513673
1602548219027118851 0.356981 0.473189 0.00841839 -0.0525458 -0.0356122 -0.276896
1602548219037115025 0.362304 0.480606 0.00726888 -0.0603773 -0.0289262 -0.0983013
1602548219047111746 0.366501 0.472971 0.00631392 -0.0647845 -0.0231263 0.0298221
1602548219057105078 0.371606 0.477669 0.00555286 -0.0662054 -0.0182785 0.115759
1602548219067109185 0.375612 0.468002 0.00494987 -0.0654641 -0.0143714 0.167696
1602548219077108038 0.380551 0.471259 0.0045026 -0.0628617 -0.0113409 0.193262
1602548219087120673 0.385368 0.472563 0.00418295 -0.0589843 -0.00909127 0.199251
1602548219097113275 0.390074 0.472311 0.00397247 -0.0542235 -0.00751014 0.19148
1602548219107111425 0.39563 0.482771 0.00386174 -0.0488082 -0.00648088 0.174753
1602548219117106318 0.400033 0.477443 0.00381775 -0.0432352 -0.00589076 0.152891
1602548219127103140 0.40519 0.482241 0.00291136 -0.049184 -0.0503899 -0.71654
1602548219137109320 0.409522 0.476089 0.00225746 -0.0512178 -0.0868065 -1.26907
1602548219147147247 0.413656 0.468217 0.00174279 -0.0512492 -0.109987 -1.46722
1602548219157111679 0.417745 0.460778 0.00123327 -0.0512119 -0.132747 -1.61998
1602548219167112941 0.420876 0.442242 -0.000112062 -0.0616683 -0.10462 -0.782686
1602548219177105116 0.425163 0.440543 -0.000607154 -0.0601424 -0.131719 -1.14672
1602548219187109037 0.430285 0.449539 -0.00158104 -0.0648167 -0.100676 -0.343749
1602548219197110123 0.434339 0.443999 -0.00237486 -0.0666445 -0.0739272 0.22645
1602548219207115030 0.437449 0.427308 -0.00300649 -0.0662076 -0.051711 0.603321
1602548219217110640 0.441637 0.426236 -0.0034784 -0.063821 -0.0339216 0.825385
1602548219227105355 0.444886 0.413516 -0.00382687 -0.060185 -0.0202225 0.92824
1602548219237106713 0.449212 0.415917 -0.00405367 -0.0554783 -0.01014 0.943354
1602548219247110215 0.452596 0.406185 -0.00419346 -0.0502703 -0.0031339 0.897501
1602548219257106266 0.457051 0.411116 -0.00424573 -0.0446175 0.00134858 0.812641
1602548219267122996 0.460554 0.403485 -0.00424241 -0.0389766 0.00383636 0.706132
1602548219277109048 0.465118 0.410125 -0.00418 -0.033302 0.00481034 0.591148
1602548219287110261 0.469668 0.415765 -0.00407935 -0.0278596 0.00468994 0.477211
1602548219297105649 0.474201 0.420471 -0.00395076 -0.0227496 0.00382749 0.370779
1602548219307109947 0.477763 0.412404 -0.003811 -0.0181407 0.00250842 0.275826
1602548219317106317 0.482369 0.418456 -0.0036505 -0.0138499 0.000955319 0.194388
1602548219327120729 0.485999 0.411493 -0.00349229 -0.0101264 -0.00066547 0.127055
1602548219337108773 0.490666 0.418429 -0.00332433 -0.00674768 -0.00223604 0.0733883
1602548219347110728 0.494351 0.412154 -0.00316741 -0.00393164 -0.00367867 0.032276
1602548219357106501 0.498117 0.407693 -0.00301548 -0.00153164 -0.00494775 0.00220737
1602548219367110356 0.501961 0.404767 -0.00287068 0.000477848 -0.00602243 -0.0185093
1602548219377111444 0.506834 0.415131 -0.0036758 -0.00968604 -0.00689999 -0.0315893
1602548219387117239 0.510705 0.411614 -0.00438105 -0.0173211 -0.00759031 -0.038662
1602548219397109834 0.515587 0.421226 -0.00497301 -0.0225762 -0.00811133 -0.0412008
1602548219407109598 0.519459 0.416955 -0.00547428 -0.0260338 -0.00848541 -0.0404843
1602548219417105185 0.524336 0.425833 -0.0058751 -0.0277967 -0.0087366 -0.0375819
1602548219427111217 0.528198 0.420861 -0.00620056 -0.0283927 -0.00888869 -0.0333559
1602548219437136801 0.53307 0.429185 -0.00739171 -0.0397779 -0.00896389 -0.0284757
1602548219447118611 0.536916 0.42359 -0.00745736 -0.0356099 -0.00898196 -0.0234381
1602548219457109902 0.541771 0.431352 -0.00840939 -0.0430886 -0.00895984 -0.0185931
1602548219467109541 0.545599 0.425259 -0.00825868 -0.0357898 -0.00891153 -0.0141685
1602548219477104608 0.550435 0.432588 -0.00901808 -0.0408285 -0.00884816 -0.0102952
1602548219487109581 0.554246 0.426124 -0.00869857 -0.031695 -0.00877826 -0.00703026
1602548219497104178 0.559058 0.43304 -0.00836308 -0.0235071 -0.00870806 -0.00437622
1602548219507119587 0.562863 0.426442 -0.00898779 -0.0283969 -0.00864183 -0.00229853
1602548219517108913 0.567669 0.433245 -0.00949575 -0.0312079 -0.00858226 -0.000739192
1602548219527106461 0.57241 0.438367 -0.00990471 -0.0324237 -0.00853081 0.000372375
1602548219537130171 0.577086 0.442039 -0.0102243 -0.032365 -0.00848797 0.00111118
1602548219547109626 0.582651 0.456395 -0.0104564 -0.0312165 -0.00845359 0.00155076
1602548219557142008 0.58709 0.454833 -0.010628 -0.0294526 -0.00842704 0.00175932
1602548219567117570 0.59243 0.46476 -0.0107318 -0.0270591 -0.00840744 0.00179729
1602548219577117705 0.59666 0.45952 -0.0107939 -0.0244429 -0.00839375 0.00171621
1602548219587111604 0.601807 0.466456 -0.0108059 -0.0215261 -0.00838494 0.00155846
1602548219597105041 0.606815 0.470756 -0.0107846 -0.0185571 -0.00837999 0.00135761
1602548219607109764 0.611692 0.472885 -0.010737 -0.0156303 -0.00837798 0.00113924
1602548219617113297 0.616451 0.473267 -0.0106692 -0.0128178 -0.00837809 0.000921862
1602548219627118912 0.621105 0.472279 -0.0105866 -0.0101728 -0.00837966 0.000718127
1602548219637128033 0.626616 0.482166 -0.0104858 -0.00763161 -0.00838213 0.000535866
1602548219647108036 0.631928 0.488324 -0.0103797 -0.00534221 -0.00838506 0.000379164
1602548219657106300 0.637057 0.491407 -0.0102714 -0.00331248 -0.00838815 0.000249297
1602548219667104960 0.64202 0.492015 -0.0101634 -0.00154132 -0.00839115 0.000145537
1602548219677109962 0.646833 0.49068 -0.0100576 -2.0658e-05 -0.00839391 6.58321e-05
1602548219687110847 0.651516 0.487871 -0.00995555 0.00126276 -0.00839635 7.34361e-06
1602548219697107982 0.656086 0.483993 -0.00985821 0.00232587 -0.00839842 -3.31355e-05
1602548219707106958 0.661501 0.491207 -0.00880895 0.0152018 -0.00840011 -5.88736e-05
1602548219717104441 0.66576 0.483019 -0.00694338 0.0367061 -0.00840145 -7.29867e-05
1602548219727104551 0.670916 0.487107 -0.00625852 0.0406944 -0.00840246 -7.83004e-05
1602548219737105831 0.6759 0.488515 -0.00473752 0.0546753 -0.00840319 -7.72734e-05
1602548219747113326 0.680736 0.487901 -0.00343781 0.0641245 -0.00840368 -7.19668e-05
1602548219757110869 0.685442 0.485729 -0.00234546 0.0697857 -0.00840398 -6.40464e-05
1602548219767106787 0.690034 0.482408 -0.00144385 0.0723426 -0.00840413 -5.48084e-05
1602548219777109526 0.695479 0.490198 -0.000706767 0.0725141 -0.00840417 -4.52189e-05
1602548219787110435 0.699775 0.482587 -0.000132147 0.0706251 -0.00840414 -3.59599e-05
1602548219797104653 0.704601 0.482587 0.000574104 0.0706251 -0.0084045 -3.59599e-05
1602548219807115909 0.708633 0.472766 0.000891922 0.0657026 0.0422687 0.735009
1602548219817118545 0.712718 0.464698 0.00108222 0.0598454 0.0313191 0.389342
1602548219827109456 0.717731 0.46929 0.00120063 0.0538211 0.0214564 0.129501
1602548219837112687 0.722615 0.471687 0.00125385 0.0477347 0.0129255 -0.0561021
1602548219847111024 0.726432 0.460397 0.00124791 0.0416696 0.00581449 -0.179825
1602548219857110769 0.731224 0.462756 0.00202864 0.0462381 0.0448528 0.591541
1602548219867109299 0.735898 0.463346 0.00281215 0.0502681 0.0841928 1.2229
1602548219877116514 0.740468 0.462544 0.0035936 0.0537665 0.108114 1.44376
1602548219887119241 0.74419 0.451203 0.00412281 0.0536604 0.133336 1.64747
1602548219897112952 0.74856 0.449429 0.00464937 0.0535344 0.151998 1.68878
1602548219907109662 0.752226 0.439036 0.00526557 0.0545491 0.165057 1.61646
1602548219917109046 0.756846 0.441908 0.00616069 0.0589368 0.19868 1.94623
1602548219927110239 0.761352 0.443007 0.0071219 0.0636032 0.208949 1.77257
1602548219937111244 0.765915 0.444672 0.00824819 0.0697557 0.204619 1.35597
1602548219947120198 0.770937 0.451896 0.00924165 0.0734692 0.223981 1.46557
1602548219957114967 0.775456 0.451896 0.00997634 0.0734692 0.238637 1.46557
1602548219967109913 0.78027 0.45594 0.0108726 0.076003 0.169596 0.162614
1602548219977108337 0.784446 0.451126 0.0117549 0.0775376 0.166656 0.0763697
1602548219987107650 0.789374 0.45636 0.0125959 0.0783601 0.164053 0.0127768
1602548219997109750 0.793402 0.449633 0.0132832 0.0771527 0.161836 -0.0315205
1602548220007114112 0.797558 0.445367 0.0139971 0.0764295 0.160015 -0.0599688
1602548220017119418 0.802603 0.452778 0.0148702 0.0777942 0.158573 -0.075872
1602548220027109619 0.807452 0.456815 0.016029 0.0825739 0.10539 -1.06612
1602548220037112756 0.812204 0.459129 0.0169754 0.0840886 0.139467 -0.221063
1602548220047109664 0.816868 0.460037 0.0177313 0.0830218 0.0913161 -1.08883
1602548220057110529 0.821452 0.459827 0.0183189 0.0799767 0.052411 -1.61804
1602548220067114301 0.825965 0.458754 0.0187602 0.0754781 0.0221534 -1.88395
1602548220077119924 0.829466 0.445125 0.0190684 0.0698742 -0.000381551 -1.95375
1602548220087135342 0.833917 0.445125 0.0197672 0.0698742 -0.0199191 -1.95375
1602548220097106377 0.836599 0.42444 0.0197947 0.061504 0.0156884 -1.11092
1602548220107109944 0.841014 0.426584 0.0205727 0.0635484 0.0452382 -0.342904
1602548220117116662 0.84566 0.431349 0.0213746 0.0656366 0.0780594 0.341832
1602548220127111914 0.849973 0.431349 0.0220309 0.0656366 0.0814778 0.341832
1602548220137121681 0.854283 0.431756 0.0233479 0.0727518 0.167079 1.63328
1602548220147112539 0.858715 0.433195 0.0237412 0.0685575 0.167668 1.33589
1602548220157113963 0.86248 0.426081 0.0239288 0.0623083 0.173369 1.19123
1602548220167109833 0.867044 0.429887 0.0243226 0.0594304 0.176281 1.02123
1602548220177110632 0.87077 0.422696 0.0245846 0.0552602 0.169778 0.705482
1602548220187110543 0.874997 0.422696 0.0251372 0.0552602 0.176833 0.705482
1602548220197109046 0.880069 0.43265 0.0257364 0.0553752 0.120442 -0.284487
1602548220207109463 0.884619 0.435451 0.0263483 0.0561052 0.0778577 -1.03514
1602548220217109673 0.888179 0.425485 0.02683 0.0551083 0.043565 -1.48737
1602548220227109116 0.89277 0.429695 0.0272127 0.0529963 0.0169919 -1.70836
1602548220237104272 0.897322 0.4329 0.027502 0.0499758 -0.00271306 -1.75788
1602548220247105618 0.901837 0.435233 0.0277115 0.0463329 -0.0165422 -1.68705
1602548220257119454 0.906316 0.436824 0.0278541 0.0423074 -0.0255248 -1.53805
1602548220267114283 0.910761 0.437792 0.0279416 0.0380968 -0.0306543 -1.34442
1602548220277107540 0.914226 0.426336 0.027977 0.0337594 -0.0328404 -1.13176
1602548220287109935 0.918731 0.429363 0.0279867 0.0296446 -0.0328811 -0.918754
1602548220297106058 0.923207 0.431657 0.0279702 0.0257177 -0.0314507 -0.71819
1602548220307108890 0.927656 0.433316 0.0279348 0.0220462 -0.0290984 -0.538097
1602548220317115326 0.932079 0.434436 0.0278867 0.018676 -0.0262551 -0.382747
1602548220327110747 0.936476 0.435105 0.0278311 0.015634 -0.023245 -0.253591
1602548220337106668 0.940851 0.435405 0.0277721 0.0129321 -0.0203 -0.150062
1602548220347109676 0.945205 0.435409 0.0277132 0.0105701 -0.0175751 -0.0702461
1602548220357110966 0.949542 0.435182 0.027657 0.0085383 -0.0151632 -0.0114185
1602548220367106149 0.953862 0.434783 0.0276055 0.00682003 -0.0131093 0.0295355
1602548220377141575 0.958168 0.434261 0.02756 0.00539353 -0.0114228 0.0558133
1602548220387110023 0.962462 0.433658 0.0275216 0.00423373 -0.0100883 0.0704781
1602548220397110043 0.967697 0.444922 0.0274986 0.00341383 -0.00907427 0.076319
1602548220407105141 0.971855 0.441275 0.0274743 0.00268092 -0.0083401 0.0757709
1602548220417105971 0.976011 0.438045 0.0274577 0.00213624 -0.00784123 0.0708817
1602548220427106583 0.980167 0.435231 0.0274485 0.00175313 -0.00753317 0.0633117
1602548220437140863 0.984327 0.432817 0.0274464 0.00150639 -0.0073741 0.0543574
1602548220447109993 0.987543 0.41887 0.0274428 0.00127246 -0.00732649 0.0449889
1602548220457106620 0.991836 0.420167 0.0274542 0.00125526 -0.00735804 0.035895
1602548220467103956 0.996133 0.421372 0.0274709 0.00130699 -0.0074419 0.0275307
1602548220477111239 1.00138 0.434386 0.0275002 0.00151101 -0.00755657 0.0201644
1602548220487109840 1.00557 0.432392 0.0275246 0.00162754 -0.00768551 0.01392
1602548220497115556 1.00881 0.418784 0.0275445 0.00167279 -0.00781653 0.00881584
1602548220507110926 1.01312 0.420347 0.0275762 0.00186156 -0.00794116 0.00479626
1602548220517110007 1.01665 0.411834 0.0267683 -0.00851146 -0.0528075 -0.843596
1602548220527111010 1.02011 0.403647 0.0269013 -0.0057739 -0.0445779 -0.528798
1602548220537109637 1.02385 0.399893 0.0258669 -0.0180312 -0.0990462 -1.45777
1602548220547113078 1.02754 0.395978 0.0242434 -0.0361414 -0.0804378 -0.830915
1602548220557115102 1.03132 0.393803 0.0228479 -0.049119 -0.063407 -0.352265
1602548220567112282 1.03615 0.404957 0.0216775 -0.0576425 -0.0484707 -0.00359148
1602548220577110516 1.04032 0.406489 0.0204481 -0.0658371 -0.0981156 -0.940662
1602548220587110952 1.0442 0.404107 0.019689 -0.0671016 -0.0762606 -0.350157
1602548220597129365 1.04832 0.405116 0.0183957 -0.0749117 -0.102009 -0.770389
1602548220607110749 1.05226 0.403723 0.0168648 -0.0847216 -0.155025 -1.6263
1602548220617118498 1.05638 0.404747 0.0151043 -0.0961841 -0.19718 -2.11537
1602548220627114316 1.06041 0.404514 0.0140135 -0.097802 -0.21438 -2.04069
1602548220637115157 1.06445 0.404526 0.0129776 -0.0985277 -0.225644 -1.86799
1602548220647112674 1.06779 0.39565 0.011182 -0.108697 -0.232173 -1.63847
1602548220657112489 1.07215 0.40066 0.00935657 -0.117965 -0.235072 -1.38373
1602548220667104166 1.07574 0.395516 0.00758689 -0.125369 -0.25032 -1.41037
1602548220677111564 1.07962 0.394531 0.00588305 -0.131019 -0.260941 -1.34459
1602548220687107414 1.08344 0.393024 0.00367154 -0.14233 -0.310507 -2.02686
1602548220697118871 1.08735 0.392714 0.00195 -0.146073 -0.330579 -2.02316
1602548220707110516 1.09153 0.395859 0.000211759 -0.149555 -0.344296 -1.90009
1602548220717106623 1.09471 0.386103 -0.00145289 -0.151677 -0.352844 -1.70264
1602548220727103576 1.09882 0.389252 -0.00331935 -0.156066 -0.357344 -1.46603
1602548220737107100 1.10225 0.383409 -0.00535017 -0.161966 -0.385027 -1.71202
1602548220747109779 1.10602 0.382602 -0.00745697 -0.168079 -0.405663 -1.77844
1602548220757113899 1.11055 0.391502 -0.00978436 -0.176194 -0.412554 -1.57268
1602548220767114883 1.11491 0.397008 -0.0121424 -0.183674 -0.415864 -1.33812
1602548220777107315 1.11916 0.400522 -0.014355 -0.188392 -0.416523 -1.09782
1602548220787109604 1.12357 0.405709 -0.0167256 -0.194499 -0.441552 -1.36322
1602548220797127069 1.12725 0.400872 -0.0191848 -0.200952 -0.460504 -1.46371
1602548220807108135 1.13101 0.397843 -0.0211398 -0.200267 -0.474166 -1.4453
1602548220817116293 1.13526 0.401191 -0.023783 -0.208306 -0.483394 -1.34659
1602548220827110424 1.13897 0.397393 -0.026088 -0.211091 -0.489035 -1.19879
1602548220837107768 1.14259 0.392926 -0.0282757 -0.212056 -0.491885 -1.02619
1602548220847105619 1.14709 0.400079 -0.0312996 -0.223391 -0.492655 -0.846887
1602548220857107101 1.1514 0.404056 -0.0341129 -0.230663 -0.491954 -0.673684
1602548220867110465 1.15544 0.404056 -0.0364196 -0.230663 -0.498691 -0.673684
1602548220877113841 1.15921 0.400701 -0.0398862 -0.244129 -0.570658 -1.57372
1602548220887126040 1.16321 0.400701 -0.0423274 -0.244129 -0.586395 -1.57372
1602548220897107849 1.16585 0.384791 -0.0455497 -0.253424 -0.653568 -2.31191
1602548220907104262 1.1698 0.386046 -0.04853 -0.259021 -0.713625 -3.00962
1602548220917111200 1.17335 0.382262 -0.0513622 -0.262058 -0.759516 -3.30798
1602548220927107531 1.17705 0.380673 -0.0545299 -0.268925 -0.792976 -3.31516
1602548220937140355 1.18087 0.380834 -0.0579885 -0.27858 -0.815932 -3.12257
1602548220947111981 1.1848 0.382352 -0.0616949 -0.290133 -0.830329 -2.8047
1602548220957106812 1.18862 0.382352 -0.0645963 -0.290133 -0.858376 -2.8047
1602548220967106965 1.19197 0.376043 -0.0679209 -0.295346 -0.812228 -1.6004
1602548220977107563 1.19531 0.370772 -0.0714332 -0.302359 -0.817373 -1.39528
1602548220987109688 1.19882 0.368345 -0.0751608 -0.311194 -0.81949 -1.17173
1602548220997114911 1.20154 0.356186 -0.0781288 -0.309388 -0.81941 -0.948881
1602548221007109216 1.2049 0.353721 -0.0811065 -0.30793 -0.782929 -0.0805437
1602548221017106310 1.20854 0.354947 -0.0841319 -0.307253 -0.786909 -0.140519
1602548221027107608 1.21186 0.352109 -0.0878996 -0.315978 -0.790045 -0.173208
1602548221037105737 1.2149 0.346089 -0.0913687 -0.319859 -0.792415 -0.185267
1602548221047136844 1.2177 0.337762 -0.0945676 -0.319863 -0.794121 -0.182486
1602548221057119309 1.22077 0.333879 -0.0979971 -0.32276 -0.795269 -0.16971
1602548221067113296 1.2236 0.327555 -0.101158 -0.321918 -0.795968 -0.150854
1602548221077108108 1.22624 0.319508 -0.10408 -0.318193 -0.796317 -0.128957
1602548221087105804 1.22918 0.316352 -0.107265 -0.318235 -0.796407 -0.106284
1602548221097106160 1.2324 0.317089 -0.110684 -0.321206 -0.796313 -0.0844297
1602548221107103070 1.23539 0.314825 -0.113837 -0.320466 -0.796099 -0.0644383
1602548221117143430 1.2377 0.304284 -0.116284 -0.310953 -0.795815 -0.0469132
1602548221127115141 1.23942 0.2876 -0.118113 -0.294882 -0.795501 -0.0321205
1602548221137112447 1.24062 0.266603 -0.11941 -0.274158 -0.795185 -0.0200798
1602548221147106747 1.24139 0.242836 -0.120258 -0.250394 -0.794886 -0.0106404
1602548221157134431 1.24382 0.242836 -0.122762 -0.250394 -0.794992 -0.0106404
1602548221167105915 1.24728 0.255369 -0.129921 -0.305123 -0.83081 -0.526848
1602548221177117521 1.24938 0.249689 -0.134346 -0.322366 -0.822744 -0.274982
1602548221187114372 1.25097 0.238308 -0.137922 -0.326787 -0.815498 -0.0861717
1602548221197106358 1.25272 0.230363 -0.142308 -0.340826 -0.853999 -0.797132
1602548221207109040 1.25402 0.217758 -0.145829 -0.34224 -0.885223 -1.23637
1602548221217111039 1.25493 0.201882 -0.148579 -0.333795 -0.909607 -1.46342
1602548221227110322 1.25729 0.206137 -0.153599 -0.354905 -0.927855 -1.53167
1602548221237141172 1.25915 0.203698 -0.157668 -0.361425 -0.940815 -1.48715
1602548221247116780 1.26071 0.197646 -0.162149 -0.372315 -0.966886 -1.69871
1602548221257113857 1.26223 0.191878 -0.16678 -0.383707 -1.00119 -2.02582
1602548221267105835 1.26349 0.183619 -0.170955 -0.38794 -1.03362 -2.25581
1602548221277110055 1.26501 0.179704 -0.175325 -0.394096 -1.07491 -2.6095
1602548221287103425 1.26617 0.171648 -0.178771 -0.387894 -1.10559 -2.69618
1602548221297103124 1.267 0.160596 -0.181404 -0.372252 -1.12719 -2.5949
1602548221307118942 1.26757 0.14752 -0.18333 -0.349705 -1.14128 -2.37097
1602548221317112748 1.2679 0.133237 -0.184652 -0.322415 -1.1494 -2.07641
1602548221327113480 1.26923 0.133237 -0.187877 -0.322415 -1.17016 -2.07641
1602548221337106681 1.26924 0.118411 -0.188391 -0.292199 -1.17045 -1.75105
1602548221347110698 1.26909 0.103578 -0.188474 -0.260548 -1.16738 -1.42399
1602548221357110253 1.26883 0.0891528 -0.18822 -0.228664 -1.16218 -1.11525
1602548221367121985 1.2685 0.0754468 -0.187711 -0.197489 -1.15585 -0.837443
1602548221377116643 1.26718 0.0510068 -0.1848 -0.139914 -1.13853 -0.397415
1602548221387105672 1.26685 0.0405031 -0.184164 -0.114374 -1.134 -0.236853
1602548221397105818 1.26651 0.0312041 -0.183471 -0.0913202 -1.1298 -0.112821
1602548221407110326 1.26618 0.0231014 -0.182753 -0.0708426 -1.12608 -0.0211865
1602548221417147639 1.26586 0.016155 -0.182035 -0.0529401 -1.12291 0.0428092
1602548221427115458 1.26555 0.0103018 -0.181337 -0.0375395 -1.12029 0.0840706
1602548221437116420 1.26527 0.005462 -0.180674 -0.0245145 -1.11822 0.10731
1602548221447111540 1.26501 0.00154542 -0.180058 -0.0137003 -1.11665 0.116827
1602548221457109033 1.26478 -0.00154388 -0.179494 -0.00490722 -1.1155 0.116382
1602548221467124329 1.26458 -0.0039036 -0.178987 0.00206864 -1.11472 0.109144
1602548221477106655 1.2644 -0.00563006 -0.178539 0.00743658 -1.11424 0.0976865
1602548221487116916 1.26425 -0.00681584 -0.178148 0.0114042 -1.11398 0.084023
1602548221497109995 1.26412 -0.00754802 -0.177814 0.0141721 -1.1139 0.0696632
1602548221507107106 1.26402 -0.00790699 -0.177532 0.0159296 -1.11395 0.0556822
1602548221517105788 1.26394 -0.00796566 -0.177299 0.0168523 -1.11407 0.0427934
1602548221527104694 1.26386 -0.00796566 -0.177131 0.0168523 -1.11364 0.0427934
1602548221537110739 1.26484 0.00390341 -0.200012 -0.240156 -1.28778 -2.73077
1602548221547123403 1.26571 0.0131261 -0.220808 -0.445266 -1.42436 -4.46688
1602548221557115136 1.26646 0.0200333 -0.239523 -0.604291 -1.52709 -5.38932
1602548221567126150 1.2671 0.0249469 -0.256215 -0.723037 -1.60052 -5.69975
1602548221577107266 1.26763 0.0280729 -0.26992 -0.79523 -1.64953 -5.57272
1602548221587107983 1.26809 0.0301745 -0.281182 -0.832499 -1.64744 -4.55989
1602548221597112440 1.26836 0.0296854 -0.287861 -0.811846 -1.65714 -3.88167
1602548221607121181 1.26865 0.0296854 -0.29598 -0.811846 -1.69595 -3.88167
1602548221617112613 1.26884 0.0284771 -0.300627 -0.773142 -1.69099 -3.18611
1602548221627060004 1.26897 0.0267432 -0.303725 -0.721477 -1.68093 -2.52011
1602548221637108382 1.2642 -0.0322185 -0.312936 -0.743863 -1.76513 -3.47326
1602548221647113468 1.26182 -0.0581137 -0.320368 -0.743775 -1.81804 -3.81664
1602548221657108211 1.25939 -0.0812655 -0.326992 -0.733569 -1.85661 -3.82434
1602548221667113625 1.25673 -0.104517 -0.333104 -0.718207 -1.89678 -3.86064
1602548221677113425 1.2541 -0.124332 -0.33888 -0.700566 -1.92452 -3.65549
1602548221687113266 1.25154 -0.140921 -0.344378 -0.681643 -1.94212 -3.29726
1602548221697108065 1.24913 -0.153377 -0.349364 -0.658668 -1.95171 -2.85559
1602548221707111571 1.24689 -0.162273 -0.35392 -0.633182 -1.95525 -2.38309
1602548221717108403 1.24385 -0.180062 -0.35813 -0.606553 -1.99919 -2.763
1602548221727120088 1.24205 -0.180062 -0.364195 -0.606553 -2.02682 -2.763
1602548221737115101 1.2384 -0.20069 -0.367964 -0.580941 -2.18111 -4.77531
1602548221747107863 1.23527 -0.213212 -0.370849 -0.548339 -2.2058 -4.409
1602548221757120287 1.23182 -0.228779 -0.371751 -0.494677 -2.15701 -2.77538
1602548221767105846 1.22891 -0.236636 -0.375749 -0.482773 -2.15751 -2.26056
1602548221777105467 1.22568 -0.247442 -0.379446 -0.468578 -2.17604 -2.18365
1602548221787110926 1.22312 -0.248581 -0.3831 -0.455626 -2.17319 -1.71743
1602548221797109504 1.22066 -0.248228 -0.386562 -0.441897 -2.18306 -1.57941
1602548221807111934 1.21759 -0.255609 -0.389961 -0.429098 -2.18887 -1.39083
1602548221817108487 1.21515 -0.254056 -0.393051 -0.414022 -2.17655 -0.89539
1602548221827107286 1.2124 -0.256786 -0.396113 -0.400494 -2.17973 -0.786344
1602548221837106985 1.20994 -0.255368 -0.39883 -0.384332 -2.18116 -0.664843
1602548221847132564 1.20732 -0.256193 -0.401919 -0.374866 -2.18131 -0.542055
1602548221857121787 1.2047 -0.256928 -0.404538 -0.36069 -2.19074 -0.617812
1602548221867112912 1.20103 -0.270789 -0.407893 -0.357524 -2.2149 -0.957504
1602548221877137966 1.19841 -0.26963 -0.410752 -0.34854 -2.23377 -1.13301
1602548221887111562 1.19556 -0.27156 -0.413955 -0.344996 -2.24789 -1.18567
1602548221897107617 1.19227 -0.278763 -0.417284 -0.343483 -2.25791 -1.15108
1602548221907109746 1.18957 -0.277741 -0.419979 -0.334189 -2.26454 -1.05883
1602548221917108935 1.18653 -0.281014 -0.422959 -0.329654 -2.26845 -0.93259
1602548221927122605 1.18282 -0.292237 -0.425716 -0.322884 -2.30516 -1.44985
1602548221937109386 1.17939 -0.298723 -0.428287 -0.31462 -2.33383 -1.71759
1602548221947109196 1.17619 -0.301342 -0.4307 -0.305426 -2.35529 -1.79857
1602548221957111301 1.17275 -0.30669 -0.434412 -0.313684 -2.37054 -1.74685
1602548221967105575 1.16908 -0.31421 -0.437372 -0.311459 -2.38063 -1.60738
1602548221977134909 1.16571 -0.317103 -0.441085 -0.318963 -2.38657 -1.41613
1602548221987115438 1.16259 -0.316515 -0.44356 -0.309997 -2.38934 -1.20084
1602548221997137302 1.15922 -0.319045 -0.446372 -0.306393 -2.38976 -0.981909
1602548222007110913 1.15611 -0.318021 -0.449011 -0.301051 -2.38854 -0.77353
1602548222017112410 1.15323 -0.314263 -0.4515 -0.294507 -2.38629 -0.584789
1602548222027110952 1.14974 -0.318636 -0.453954 -0.288348 -2.40766 -0.878107
1602548222037111767 1.14654 -0.318846 -0.456397 -0.282814 -2.42869 -1.10934
1602548222047119850 1.14247 -0.329809 -0.459504 -0.286316 -2.41607 -0.661445
1602548222057141483 1.13923 -0.329138 -0.461948 -0.281055 -2.40436 -0.315408
1602548222067111545 1.13577 -0.331251 -0.464765 -0.281138 -2.39398 -0.0597181
1602548222077108449 1.13208 -0.33601 -0.467148 -0.275757 -2.44738 -1.0571
1602548222087115991 1.12831 -0.341137 -0.46856 -0.258878 -2.50577 -1.96042
1602548222097118662 1.12516 -0.337858 -0.470683 -0.253028 -2.51942 -1.84793
1602548222107120569 1.12133 -0.343481 -0.472642 -0.245859 -2.528 -1.66083
1602548222117116124 1.11816 -0.34017 -0.474225 -0.234873 -2.53258 -1.43379
1602548222127111125 1.11475 -0.340294 -0.475928 -0.226772 -2.55168 -1.52358
1602548222137111507 1.11079 -0.347305 -0.478077 -0.225282 -2.56536 -1.49428
1602548222147108454 1.1066 -0.356273 -0.479687 -0.217219 -2.61375 -2.12605
1602548222157109822 1.10287 -0.358369 -0.481596 -0.213914 -2.61198 -1.69105
1602548222167117071 1.09894 -0.362671 -0.483085 -0.205753 -2.6228 -1.57598
1602548222177110261 1.0957 -0.357884 -0.484306 -0.195248 -2.61441 -1.11984
1602548222187107309 1.09176 -0.362439 -0.485843 -0.190034 -2.64477 -1.48169
1602548222197106132 1.08866 -0.355874 -0.486997 -0.180679 -2.64381 -1.18378
1602548222207108814 1.08491 -0.358276 -0.488672 -0.179024 -2.64112 -0.909301
1602548222217113472 1.08165 -0.354123 -0.489507 -0.16703 -2.66161 -1.12459
1602548222227114443 1.07689 -0.369491 -0.491221 -0.16758 -2.67711 -1.20498
1602548222237109034 1.07306 -0.371139 -0.492558 -0.163334 -2.68827 -1.18823
1602548222247107041 1.06855 -0.381132 -0.493578 -0.155637 -2.74055 -1.95133
1602548222257109582 1.06498 -0.378194 -0.495071 -0.154841 -2.73682 -1.51214
1602548222267125084 1.06184 -0.370108 -0.496419 -0.152326 -2.73125 -1.12139
1602548222277112215 1.0581 -0.370603 -0.497692 -0.149183 -2.7433 -1.13711
1602548222287116679 1.05445 -0.369943 -0.498381 -0.139109 -2.79158 -1.8343
1602548222297108469 1.05036 -0.374809 -0.499208 -0.132022 -2.8294 -2.20233
1602548222307107359 1.04671 -0.373603 -0.50044 -0.130923 -2.79936 -1.21886
1602548222317109510 1.04292 -0.374254 -0.501287 -0.12512 -2.79829 -0.968273
1602548222327106879 1.03835 -0.384632 -0.502613 -0.126062 -2.80269 -0.868526
1602548222337137432 1.03398 -0.391227 -0.504305 -0.131469 -2.81669 -0.969045
1602548222347111436 1.03001 -0.391875 -0.504666 -0.119505 -2.86619 -1.72098
1602548222357109910 1.02525 -0.402512 -0.505014 -0.108877 -2.90523 -2.13323
1602548222367111558 1.02127 -0.401848 -0.505241 -0.0980522 -2.93477 -2.28837
1602548222377122032 1.01732 -0.401099 -0.505806 -0.0928398 -2.94105 -1.97477
1602548222387105019 1.01335 -0.40052 -0.506436 -0.089094 -2.94321 -1.64243
1602548222397141885 1.00931 -0.400915 -0.507827 -0.0953676 -2.9319 -1.11855
1602548222407140283 1.00539 -0.399868 -0.50893 -0.0972431 -2.96359 -1.50589
1602548222417112869 1.00031 -0.413368 -0.509922 -0.0974874 -2.97043 -1.35071
1602548222427108914 0.995198 -0.425695 -0.510772 -0.0959318 -2.99156 -1.49464
1602548222437105947 0.990327 -0.433405 -0.511543 -0.0935606 -2.99967 -1.36561
1602548222447107940 0.985567 -0.438751 -0.512314 -0.0914945 -2.99418 -1.00381
1602548222457112214 0.980863 -0.442726 -0.512877 -0.0870778 -2.99811 -0.888423
1602548222467116652 0.976235 -0.445245 -0.513317 -0.0816722 -2.98984 -0.564392
1602548222477107226 0.972138 -0.440783 -0.514276 -0.0834621 -2.97525 -0.182198
1602548222487109998 0.967611 -0.442274 -0.515525 -0.0886558 -2.96935 -0.0364276
1602548222497107052 0.963161 -0.442614 -0.516795 -0.0934655 -2.97449 -0.126574
1602548222507110092 0.957517 -0.457903 -0.518208 -0.099474 -2.96845 0.0113637
1602548222517110306 0.952241 -0.46665 -0.519324 -0.100996 -2.96337 0.10512
1602548222527113528 0.94712 -0.472353 -0.520212 -0.0994635 -2.95926 0.163043
1602548222537108952 0.942953 -0.465366 -0.521339 -0.101132 -2.93052 0.674972
1602548222547108329 0.938016 -0.46893 -0.522746 -0.106088 -2.90735 0.98523
1602548222557112966 0.93349 -0.466873 -0.524738 -0.117778 -2.87566 1.3978
1602548222567109389 0.929134 -0.462945 -0.52667 -0.127249 -2.85113 1.59697
1602548222577108407 0.924447 -0.463679 -0.528068 -0.128823 -2.8722 0.897339
1602548222587119632 0.919845 -0.463232 -0.529176 -0.126555 -2.89142 0.364908
1602548222597111067 0.916131 -0.451717 -0.530469 -0.126897 -2.8827 0.46065
1602548222607111529 0.91158 -0.452139 -0.531993 -0.130102 -2.87607 0.498753
1602548222617107230 0.906968 -0.453273 -0.534448 -0.144585 -2.8459 0.974533
1602548222627112711 0.902744 -0.449403 -0.536569 -0.153059 -2.78891 1.867
1602548222637105823 0.898546 -0.445683 -0.538371 -0.156467 -2.76231 2.01673
1602548222647117196 0.894355 -0.442344 -0.539919 -0.156251 -2.7693 1.50377
1602548222657108771 0.890119 -0.43999 -0.541836 -0.160705 -2.75906 1.41304
1602548222667105026 0.886339 -0.432211 -0.544178 -0.16993 -2.72646 1.76207
1602548222677105333 0.883082 -0.418853 -0.546265 -0.174789 -2.70174 1.89603
1602548222687104766 0.879139 -0.415763 -0.548698 -0.183384 -2.68391 1.87479
1602548222697105222 0.875148 -0.413679 -0.550665 -0.185055 -2.67184 1.74856
1602548222707111714 0.87074 -0.41708 -0.553358 -0.195631 -2.66445 1.55797
1602548222717109764 0.867092 -0.410516 -0.555157 -0.193655 -2.66069 1.33467
1602548222727108304 0.862794 -0.412944 -0.557313 -0.196408 -2.65964 1.10229
1602548222737104366 0.859061 -0.407963 -0.560153 -0.207408 -2.63631 1.3349
1602548222747106088 0.855919 -0.396197 -0.562618 -0.212312 -2.61874 1.41462
1602548222757105861 0.852456 -0.389942 -0.565253 -0.218732 -2.60616 1.38492
1602548222767140667 0.848873 -0.385965 -0.567764 -0.222791 -2.58275 1.56556
1602548222777201288 0.846065 -0.372771 -0.570064 -0.223701 -2.54798 1.92659
1602548222787114747 0.841825 -0.3792 -0.5726 -0.227452 -2.57843 0.987494
1602548222797124262 0.838666 -0.371249 -0.575633 -0.236967 -2.53913 1.54335
1602548222807104802 0.835697 -0.361927 -0.578533 -0.243631 -2.50842 1.83194
1602548222817105418 0.832266 -0.359562 -0.581216 -0.246726 -2.49527 1.73427
1602548222827106454 0.829012 -0.355271 -0.583788 -0.248035 -2.48694 1.56408
1602548222837117434 0.826149 -0.346622 -0.586532 -0.251345 -2.47255 1.5405
1602548222847107160 0.823069 -0.341772 -0.589441 -0.256307 -2.46285 1.43258
1602548222857106352 0.820567 -0.330274 -0.591828 -0.254102 -2.46681 1.08724
1602548222867108426 0.817914 -0.322129 -0.594539 -0.25623 -2.46203 0.972156
1602548222877108201 0.814857 -0.320067 -0.597714 -0.263927 -2.45955 0.835453
1602548222887108000 0.812129 -0.314134 -0.600734 -0.268695 -2.45878 0.692093
1602548222897120282 0.809478 -0.307976 -0.603587 -0.270782 -2.45924 0.552717
1602548222907110182 0.806542 -0.306177 -0.606783 -0.276913 -2.4542 0.543506
1602548222917109316 0.803965 -0.300085 -0.609895 -0.281218 -2.45081 0.50482
1602548222927105149 0.801545 -0.292796 -0.612742 -0.281655 -2.44876 0.44826
1602548222937109547 0.799642 -0.279935 -0.615902 -0.285966 -2.41915 0.922943
1602548222947107697 0.797791 -0.268032 -0.618872 -0.287351 -2.39562 1.19293
1602548222957112540 0.795503 -0.263112 -0.62215 -0.292427 -2.37767 1.30669
1602548222967141147 0.793761 -0.251948 -0.62474 -0.288221 -2.3646 1.30673
1602548222977110384 0.791082 -0.253959 -0.628156 -0.294932 -2.35565 1.22891
1602548222987104724 0.788511 -0.254347 -0.631345 -0.297933 -2.35006 1.10242
1602548222997107328 0.786038 -0.253463 -0.634327 -0.297965 -2.3471 0.950145
1602548223007107380 0.784117 -0.245763 -0.637492 -0.300287 -2.31121 1.44854
1602548223017112242 0.781858 -0.24327 -0.64102 -0.306883 -2.28323 1.70344
1602548223027112692 0.780121 -0.234547 -0.643816 -0.303454 -2.26233 1.77647
1602548223037112913 0.777896 -0.233035 -0.646921 -0.304338 -2.24752 1.72063
1602548223047104055 0.776331 -0.223426 -0.649681 -0.300791 -2.21041 2.09664
1602548223057136149 0.774468 -0.218769 -0.652903 -0.303468 -2.19993 1.89852
1602548223067134040 0.772935 -0.210545 -0.656847 -0.314879 -2.1549 2.39062
1602548223077111164 0.771635 -0.200445 -0.660311 -0.318841 -2.12069 2.5851
1602548223087114054 0.770481 -0.189763 -0.663465 -0.318407 -2.10266 2.4375
1602548223097114857 0.769255 -0.181345 -0.666616 -0.317993 -2.09132 2.19123
1602548223107111730 0.768374 -0.16964 -0.670013 -0.320718 -2.06103 2.34947
1602548223117109125 0.76722 -0.162832 -0.67382 -0.328248 -2.03921 2.31782
1602548223127110211 0.765807 -0.160125 -0.677035 -0.327394 -2.02449 2.15808
1602548223137114613 0.764738 -0.153454 -0.680477 -0.329513 -2.01551 1.92014
1602548223147121971 0.764152 -0.141542 -0.68374 -0.329099 -2.01098 1.64286
1602548223157108157 0.763991 -0.125808 -0.687601 -0.336258 -1.96503 2.20051
1602548223167112418 0.76331 -0.118567 -0.691039 -0.337204 -1.94829 2.10115
1602548223177110230 0.762744 -0.110786 -0.694441 -0.337584 -1.9375 1.90795
1602548223187105008 0.761823 -0.108441 -0.69809 -0.341011 -1.91291 2.01205
1602548223197109950 0.761225 -0.102331 -0.701619 -0.342496 -1.89537 1.96346
1602548223207109458 0.760609 -0.0972227 -0.705632 -0.349879 -1.86998 2.07207
1602548223217109442 0.760442 -0.0871181 -0.709349 -0.352622 -1.82634 2.50498
1602548223227107888 0.760057 -0.0810224 -0.712924 -0.353231 -1.81902 2.17012
1602548223237107579 0.760006 -0.0714847 -0.716728 -0.356638 -1.79078 2.29358
1602548223247109732 0.759875 -0.0641679 -0.721576 -0.372729 -1.77061 2.24146
1602548223257110471 0.760012 -0.054392 -0.725508 -0.375289 -1.75715 2.07225
1602548223267118270 0.760125 -0.0461498 -0.728951 -0.371404 -1.7491 1.83294
1602548223277108841 0.760083 -0.0408833 -0.733094 -0.376783 -1.73505 1.75203
1602548223287109682 0.760245 -0.0337123 -0.736382 -0.370765 -1.72599 1.59226
1602548223297106231 0.760411 -0.0274001 -0.739996 -0.369592 -1.72088 1.38802
1602548223307109539 0.759981 -0.0293651 -0.74365 -0.369064 -1.66669 2.14938
1602548223317109309 0.759631 -0.0300744 -0.746488 -0.35836 -1.62438 2.54256
1602548223327114726 0.759369 -0.0295872 -0.75051 -0.363868 -1.59273 2.66026
1602548223337138281 0.759169 -0.028383 -0.753682 -0.358004 -1.57025 2.58236
1602548223347111335 0.759039 -0.0264547 -0.758001 -0.367286 -1.55539 2.37518
1602548223357112001 0.758952 -0.0242171 -0.761433 -0.364263 -1.54664 2.09184
1602548223367110916 0.758919 -0.0216012 -0.765978 -0.37558 -1.54259 1.77324
1602548223377110222 0.758913 -0.0189642 -0.7696 -0.373908 -1.542 1.44949
1602548223387120493 0.758929 -0.0163843 -0.772405 -0.36218 -1.54381 1.14149
1602548223397113783 0.759906 -0.00205972 -0.776253 -0.365018 -1.5024 1.70798
1602548223407108955 0.760798 0.00939186 -0.7794 -0.358712 -1.47018 1.99405
1602548223417110312 0.761842 0.0213162 -0.783525 -0.36546 -1.44616 2.0711
1602548223427109159 0.762655 0.0288458 -0.786932 -0.362349 -1.42185 2.13899
1602548223437114950 0.763607 0.0371661 -0.791423 -0.373232 -1.41208 1.91951
1602548223447115514 0.763979 0.0371661 -0.795155 -0.373232 -1.39289 1.91951
1602548223457115024 0.766129 0.0579432 -0.799764 -0.384398 -1.48633 0.00142495
1602548223467108733 0.767102 0.0628805 -0.803526 -0.383364 -1.51561 -0.551902
1602548223477107256 0.768385 0.0710927 -0.806516 -0.372782 -1.48736 0.0860429
1602548223487110933 0.769639 0.0779012 -0.810485 -0.375808 -1.47098 0.379136
1602548223497115958 0.770645 0.0807501 -0.813742 -0.369518 -1.45043 0.695724
1602548223507118874 0.771735 0.0842951 -0.817889 -0.375184 -1.42402 1.06313
1602548223517116782 0.772648 0.0851787 -0.82134 -0.371414 -1.40343 1.25132
1602548223527126582 0.774233 0.094383 -0.825602 -0.378288 -1.34882 2.04645
1602548223537106565 0.775385 0.0969919 -0.829328 -0.377574 -1.3197 2.21003
1602548223547110995 0.776754 0.101998 -0.833664 -0.384604 -1.28493 2.44921
1602548223557118022 0.777921 0.103845 -0.837399 -0.383207 -1.2732 2.20819
1602548223567115336 0.779116 0.105805 -0.840756 -0.377249 -1.26682 1.91162
1602548223577109174 0.780445 0.109209 -0.844599 -0.378133 -1.27499 1.3962
1602548223587106949 0.782186 0.117354 -0.847943 -0.37265 -1.24137 1.76757
1602548223597108276 0.783804 0.122932 -0.850991 -0.364134 -1.21581 1.91651
1602548223607111936 0.785532 0.129185 -0.854474 -0.362143 -1.21582 1.55425
1602548223617108468 0.787412 0.136573 -0.858777 -0.370698 -1.17356 2.05901
1602548223627111546 0.789319 0.143356 -0.862947 -0.376504 -1.14117 2.28191
1602548223637108996 0.791468 0.15234 -0.866456 -0.37329 -1.136 1.94852
1602548223647106511 0.793746 0.161808 -0.870258 -0.374169 -1.11621 1.95424
1602548223657106713 0.795784 0.167083 -0.873601 -0.369163 -1.10262 1.84173
1602548223667103308 0.797797 0.171372 -0.876919 -0.364465 -1.09409 1.65498
1602548223677106565 0.799782 0.174774 -0.880218 -0.360138 -1.08953 1.42853
1602548223687105165 0.802236 0.183645 -0.883708 -0.358732 -1.07045 1.51904
1602548223697132523 0.804581 0.190018 -0.88675 -0.351898 -1.05006 1.61724
1602548223707120691 0.806887 0.195119 -0.890061 -0.349284 -1.02043 1.87159
1602548223717110070 0.809826 0.207514 -0.893775 -0.352058 -0.998394 1.93423
1602548223727110354 0.812504 0.215079 -0.897121 -0.349864 -0.982882 1.86188
1602548223737108233 0.815237 0.222389 -0.900577 -0.349337 -0.972758 1.70142
1602548223747109712 0.81785 0.227264 -0.903632 -0.343832 -0.949422 1.82084
1602548223757108279 0.820726 0.234837 -0.907022 -0.34322 -0.932628 1.79412
1602548223767119577 0.823137 0.235624 -0.909804 -0.335067 -0.921314 1.66895
1602548223777112813 0.825853 0.240143 -0.912724 -0.329661 -0.904572 1.66993
1602548223787109866 0.828843 0.247531 -0.915988 -0.329252 -0.893104 1.57112
1602548223797106085 0.831341 0.247818 -0.91843 -0.318576 -0.885929 1.40988
1602548223807109946 0.835086 0.263713 -0.922222 -0.32619 -0.882121 1.21549
1602548223817107157 0.838234 0.270119 -0.925156 -0.322074 -0.874538 1.12914
1602548223827120857 0.842153 0.285401 -0.927955 -0.316773 -0.841344 1.54286
1602548223837114337 0.84532 0.289327 -0.93009 -0.303815 -0.815787 1.73418
1602548223847110587 0.848771 0.296326 -0.932591 -0.297077 -0.79698 1.76184
1602548223857106199 0.852466 0.305519 -0.935426 -0.295366 -0.783916 1.67582
1602548223867109892 0.855412 0.304149 -0.937617 -0.285797 -0.775561 1.51709
1602548223877116384 0.85865 0.306614 -0.940188 -0.282198 -0.770928 1.31804
1602548223887118357 0.861667 0.305988 -0.94263 -0.277435 -0.769119 1.10325
1602548223897110976 0.865902 0.320738 -0.945322 -0.276401 -0.73445 1.54972
1602548223907110792 0.869973 0.331574 -0.947966 -0.274887 -0.713966 1.64391
1602548223917110419 0.873693 0.336655 -0.950395 -0.270877 -0.699297 1.61047
1602548223927109830 0.877627 0.343768 -0.952859 -0.267802 -0.673325 1.79687
1602548223937119543 0.881227 0.34581 -0.954855 -0.259247 -0.636763 2.14807
1602548223947113379 0.885005 0.34983 -0.956833 -0.25153 -0.626833 1.92989
1602548223957108242 0.888699 0.352287 -0.958608 -0.24225 -0.621528 1.66555
1602548223967112121 0.892837 0.360006 -0.960418 -0.23456 -0.602202 1.716
1602548223977107247 0.896556 0.361499 -0.962054 -0.225657 -0.588626 1.6483
1602548223987108766 0.901147 0.373742 -0.964047 -0.222344 -0.579795 1.50375
1602548223997108806 0.905607 0.382805 -0.966192 -0.221363 -0.553022 1.72543
1602548224007109360 0.910402 0.39495 -0.967945 -0.215577 -0.554893 1.36418
1602548224017103802 0.914523 0.397103 -0.969772 -0.211451 -0.519426 1.77644
1602548224027142362 0.918508 0.397274 -0.971534 -0.207029 -0.492322 1.95285
1602548224037115710 0.922918 0.402756 -0.973149 -0.201322 -0.496773 1.4999
1602548224047109471 0.926714 0.399856 -0.974442 -0.192275 -0.460176 1.90787
1602548224057108551 0.931054 0.404136 -0.975561 -0.182192 -0.45086 1.72346
1602548224067108497 0.934844 0.40098 -0.97654 -0.171611 -0.445744 1.49454
1602548224077106365 0.938911 0.401698 -0.977779 -0.165624 -0.443809 1.24878
1602548224087140995 0.943903 0.413936 -0.979067 -0.161004 -0.417945 1.50146
1602548224097112579 0.94849 0.419554 -0.980437 -0.157992 -0.406199 1.43971
1602548224107111849 0.953591 0.430919 -0.981516 -0.151702 -0.39089 1.45694
1602548224117122373 0.95795 0.431538 -0.982494 -0.144939 -0.373436 1.51144
1602548224127106059 0.962191 0.430615 -0.983463 -0.138907 -0.367969 1.32921
1602548224137106914 0.966358 0.42886 -0.9845 -0.13449 -0.333238 1.73416
1602548224147121146 0.970488 0.426872 -0.985332 -0.128063 -0.320393 1.64922
1602548224157118928 0.974576 0.424602 -0.986231 -0.123265 -0.298477 1.75168
1602548224167116279 0.978491 0.420446 -0.986846 -0.115515 -0.272262 1.91598
1602548224177106333 0.982978 0.423997 -0.987947 -0.114843 -0.238183 2.19779
1602548224187109547 0.988247 0.436911 -0.988451 -0.106747 -0.23844 1.7778
1602548224197110778 0.992558 0.436182 -0.989294 -0.103938 -0.215974 1.86634
1602548224207119797 0.996855 0.435364 -0.989921 -0.0987547 -0.199988 1.81578
1602548224217112555 1.0011 0.434062 -0.990542 -0.094164 -0.189389 1.67298
1602548224227113069 1.0055 0.434792 -0.991007 -0.0881731 -0.172941 1.66767
1602548224237106408 1.00973 0.433212 -0.991289 -0.0806485 -0.171887 1.37256
1602548224247108692 1.01391 0.431378 -0.991625 -0.0747419 -0.173186 1.08877
1602548224257107276 1.01809 0.429661 -0.991957 -0.0695378 -0.165848 1.02172
1602548224267117085 1.02317 0.439465 -0.9924 -0.0663661 -0.171453 0.722844
1602548224277113483 1.028 0.44501 -0.993043 -0.0661043 -0.202854 -0.00682158
1602548224287113722 1.03228 0.442785 -0.993806 -0.0673795 -0.229346 -0.505949
1602548224297105824 1.03624 0.437025 -0.994571 -0.0685326 -0.225383 -0.335524
1602548224307108198 1.04024 0.43227 -0.995168 -0.0674181 -0.221503 -0.198861
1602548224317106865 1.04418 0.427552 -0.995981 -0.0691605 -0.217911 -0.0934533
1602548224327115316 1.04787 0.420229 -0.996609 -0.0683686 -0.20456 0.176387
1602548224337118809 1.05189 0.417932 -0.997276 -0.0681592 -0.203743 0.158503
1602548224347107702 1.0554 0.409519 -0.997681 -0.0646787 -0.203306 0.136816
1602548224357107598 1.05972 0.412341 -0.998254 -0.0637576 -0.192985 0.305929
1602548224367109084 1.06401 0.414379 -0.998896 -0.0638184 -0.194932 0.211369
1602548224377107845 1.06845 0.418176 -0.999606 -0.0647202 -0.196912 0.134039
1602548224387116149 1.07257 0.417349 -1.00045 -0.0672333 -0.224314 -0.408874
1602548224397113753 1.0769 0.419261 -1.00145 -0.0712398 -0.24679 -0.756198
1602548224407111668 1.08115 0.420009 -1.00291 -0.0807225 -0.228868 -0.274827
1602548224417107322 1.08462 0.410811 -1.00415 -0.0861526 -0.213303 0.0710944
1602548224427109004 1.08841 0.406848 -1.005 -0.0860172 -0.21045 0.111568
1602548224437106622 1.09228 0.40441 -1.00586 -0.0859463 -0.223226 -0.150847
1602548224447121305 1.09593 0.399465 -1.00671 -0.085871 -0.244279 -0.520022
1602548224457114120 1.10043 0.405793 -1.00823 -0.0941087 -0.25071 -0.543271
1602548224467111333 1.10426 0.402885 -1.0093 -0.0957593 -0.279485 -0.984192
1602548224477107709 1.1085 0.405564 -1.01069 -0.101245 -0.27799 -0.770045
1602548224487109305 1.11251 0.405044 -1.012 -0.10491 -0.31139 -1.25548
1602548224497103494 1.11595 0.397313 -1.01321 -0.107001 -0.344434 -1.64251
1602548224507121727 1.11938 0.390524 -1.0145 -0.109666 -0.369706 -1.80962
1602548224517113995 1.12269 0.38305 -1.01616 -0.116823 -0.36962 -1.46618
1602548224527111797 1.12665 0.38465 -1.0177 -0.121446 -0.385741 -1.49374
1602548224537106473 1.13054 0.385227 -1.01888 -0.120953 -0.404658 -1.5689
1602548224547110512 1.13453 0.386946 -1.02073 -0.129011 -0.418123 -1.52689
1602548224557109925 1.13872 0.390907 -1.02283 -0.139167 -0.419362 -1.26189
1602548224567118622 1.14294 0.394864 -1.02462 -0.14415 -0.468832 -1.95797
1602548224577115841 1.14693 0.395421 -1.02682 -0.153746 -0.507465 -2.31787
1602548224587113132 1.15064 0.392325 -1.02927 -0.165129 -0.512164 -1.9688
1602548224597106148 1.15426 0.388548 -1.03163 -0.174063 -0.512991 -1.61253
1602548224607110238 1.15769 0.382768 -1.03425 -0.18513 -0.535332 -1.72993
1602548224617103832 1.16143 0.381685 -1.03704 -0.196867 -0.55143 -1.70725
1602548224627112501 1.16503 0.379002 -1.03971 -0.205688 -0.562295 -1.59
1602548224637114800 1.16955 0.388199 -1.04307 -0.222047 -0.583939 -1.69849
1602548224647112850 1.17373 0.391865 -1.04588 -0.229433 -0.599499 -1.67158
1602548224657109154 1.17766 0.392082 -1.04855 -0.234208 -0.609967 -1.55356
1602548224667111629 1.18183 0.39514 -1.05139 -0.240439 -0.616326 -1.38022
1602548224677110932 1.18568 0.393937 -1.05467 -0.251349 -0.619492 -1.17932
1602548224687110007 1.18968 0.394666 -1.05769 -0.257796 -0.630455 -1.16363
1602548224697117047 1.19333 0.390929 -1.06071 -0.263318 -0.627682 -0.891461
1602548224707113701 1.19739 0.392754 -1.0636 -0.266553 -0.686178 -1.82801
1602548224717111356 1.20084 0.38677 -1.06648 -0.269161 -0.697736 -1.70103
1602548224727109572 1.20503 0.39084 -1.07011 -0.280965 -0.711086 -1.63189
1602548224737109104 1.2088 0.389085 -1.07362 -0.289805 -0.713445 -1.36821
1602548224747110363 1.21259 0.387837 -1.07725 -0.29893 -0.719562 -1.22531
1602548224757116505 1.21609 0.38313 -1.0806 -0.30349 -0.722772 -1.05448
1602548224767115905 1.21927 0.374898 -1.0838 -0.305553 -0.723799 -0.874713
1602548224777110709 1.22254 0.368873 -1.08717 -0.309483 -0.723272 -0.69953
1602548224787110213 1.22601 0.366212 -1.09074 -0.315502 -0.726092 -0.620663
1602548224797111226 1.22932 0.361779 -1.0949 -0.32814 -0.751696 -0.987064
1602548224807111239 1.23234 0.354249 -1.09871 -0.334724 -0.771734 -1.1791
1602548224817115219 1.23511 0.344519 -1.10219 -0.336417 -0.786766 -1.24032
1602548224827112773 1.2391 0.351371 -1.1068 -0.351978 -0.797476 -1.20834
1602548224837107113 1.24226 0.3469 -1.1105 -0.354265 -0.804589 -1.11446
1602548224847109108 1.24563 0.345764 -1.11434 -0.357978 -0.808817 -0.983799
1602548224857106428 1.24825 0.335237 -1.11735 -0.350882 -0.810816 -0.835735
1602548224867107343 1.25078 0.324881 -1.12107 -0.353486 -0.839765 -1.22469
1602548224877140616 1.25332 0.315954 -1.125 -0.358419 -0.868553 -1.53714
1602548224887119695 1.25518 0.299662 -1.12851 -0.357495 -0.890401 -1.65947
1602548224897113331 1.25734 0.289203 -1.13226 -0.359794 -0.906195 -1.64436
1602548224907110197 1.2595 0.280054 -1.13626 -0.36481 -0.926758 -1.72216
1602548224917107495 1.26165 0.27185 -1.14093 -0.377617 -0.958871 -2.00346
1602548224927109970 1.26377 0.264334 -1.14495 -0.380659 -0.982783 -2.07668
1602548224937117769 1.26573 0.255806 -1.14912 -0.385201 -0.999653 -2.00309
1602548224947107549 1.26763 0.247452 -1.15331 -0.389493 -1.04992 -2.57422
1602548224957107520 1.26923 0.236477 -1.15699 -0.386715 -1.08824 -2.81187
1602548224967105315 1.27059 0.223868 -1.16115 -0.390428 -1.11611 -2.80704
1602548224977107250 1.27186 0.211749 -1.16519 -0.392109 -1.11764 -2.30587
1602548224987109426 1.27284 0.197432 -1.16928 -0.394204 -1.13277 -2.15603
1602548224997117325 1.27368 0.183214 -1.17285 -0.389586 -1.1421 -1.925
1602548225007109517 1.27493 0.175938 -1.17771 -0.401635 -1.16544 -2.00219
1602548225017109614 1.276 0.167297 -1.18231 -0.409034 -1.18963 -2.08104
1602548225027109802 1.27677 0.155911 -1.18595 -0.40338 -1.20674 -2.01103
1602548225037110833 1.2774 0.144264 -1.19025 -0.406702 -1.2365 -2.19334
1602548225047116966 1.2779 0.132404 -1.1939 -0.401508 -1.25812 -2.18748
1602548225057099700 1.27832 0.121102 -1.19762 -0.397801 -1.25435 -1.70311
1602548225067105393 1.27873 0.111083 -1.20137 -0.394899 -1.26699 -1.62008
1602548225077105812 1.27879 0.0978501 -1.20464 -0.386414 -1.27507 -1.46673
1602548225087106627 1.27943 0.0936506 -1.20849 -0.386229 -1.29326 -1.53322
1602548225097112951 1.2799 0.0877726 -1.21148 -0.375314 -1.30617 -1.48739
1602548225107116568 1.28023 0.0809532 -1.21563 -0.380184 -1.31469 -1.36741
1602548225117115120 1.28065 0.0759867 -1.22005 -0.38796 -1.3197 -1.20381
1602548225127111180 1.28093 0.0700048 -1.22355 -0.383188 -1.32201 -1.02009
1602548225137108502 1.28111 0.0635 -1.22718 -0.380703 -1.32234 -0.833537
1602548225147104941 1.2812 0.0566698 -1.22999 -0.368153 -1.32128 -0.656167
